<?xml version="1.0" encoding="UTF-8"?>
<!-- Generated by org.testng.reporters.JUnitXMLReporter -->
<testsuite hostname="ip-172-31-91-231" ignored="2" name="Test" tests="3" failures="0" timestamp="2021-10-25T06:12:01 UTC" time="0.054" errors="0">
  <testcase name="CreditCardTest" time="0.006" classname="test.Testcase2"/>
  <testcase name="CarLoanTest" time="0.001" classname="test.Testcase1"/>
  <testcase name="HomeLoanTest" time="0.001" classname="test.Testcase1"/>
  <testcase name="@BeforeTest BeforeTestMethod" time="0.0" classname="test.Baseclass">
    <ignored/>
  </testcase> <!-- @BeforeTest BeforeTestMethod -->
  <testcase name="@AfterTest AfterTestMethod" time="0.0" classname="test.Baseclass">
    <ignored/>
  </testcase> <!-- @AfterTest AfterTestMethod -->
</testsuite> <!-- Test -->
